0 info it worked if it ends with ok
1 verbose cli [ '/usr/local/bin/node',
1 verbose cli   '/usr/local/bin/npm',
1 verbose cli   'install',
1 verbose cli   'bootstrap-material-design@4.0.2',
1 verbose cli   '--save' ]
2 info using npm@3.10.10
3 info using node@v6.9.4
4 silly loadCurrentTree Starting
5 silly install loadCurrentTree
6 silly install readLocalPackageData
7 silly fetchPackageMetaData bootstrap-material-design@4.0.2
8 silly fetchNamedPackageData bootstrap-material-design
9 silly mapToRegistry name bootstrap-material-design
10 silly mapToRegistry using default registry
11 silly mapToRegistry registry https://registry.npmjs.org/
12 silly mapToRegistry data Result {
12 silly mapToRegistry   raw: 'bootstrap-material-design',
12 silly mapToRegistry   scope: null,
12 silly mapToRegistry   escapedName: 'bootstrap-material-design',
12 silly mapToRegistry   name: 'bootstrap-material-design',
12 silly mapToRegistry   rawSpec: '',
12 silly mapToRegistry   spec: 'latest',
12 silly mapToRegistry   type: 'tag' }
13 silly mapToRegistry uri https://registry.npmjs.org/bootstrap-material-design
14 verbose request uri https://registry.npmjs.org/bootstrap-material-design
15 verbose request no auth needed
16 info attempt registry request try #1 at 12:29:16 AM
17 verbose request id 9fa9fc1d9171e171
18 http request GET https://registry.npmjs.org/bootstrap-material-design
19 http 200 https://registry.npmjs.org/bootstrap-material-design
20 verbose headers { server: 'nginx/1.10.1',
20 verbose headers   'content-type': 'application/json',
20 verbose headers   'last-modified': 'Fri, 20 Jan 2017 17:51:01 GMT',
20 verbose headers   etag: 'W/"58824e05-70c0"',
20 verbose headers   'content-encoding': 'gzip',
20 verbose headers   'cache-control': 'max-age=300',
20 verbose headers   'content-length': '7833',
20 verbose headers   'accept-ranges': 'bytes',
20 verbose headers   date: 'Wed, 15 Feb 2017 23:29:16 GMT',
20 verbose headers   via: '1.1 varnish',
20 verbose headers   age: '0',
20 verbose headers   connection: 'keep-alive',
20 verbose headers   'x-served-by': 'cache-ams4440-AMS',
20 verbose headers   'x-cache': 'HIT',
20 verbose headers   'x-cache-hits': '1',
20 verbose headers   'x-timer': 'S1487201356.654288,VS0,VE7',
20 verbose headers   vary: 'Accept-Encoding' }
21 silly get cb [ 200,
21 silly get   { server: 'nginx/1.10.1',
21 silly get     'content-type': 'application/json',
21 silly get     'last-modified': 'Fri, 20 Jan 2017 17:51:01 GMT',
21 silly get     etag: 'W/"58824e05-70c0"',
21 silly get     'content-encoding': 'gzip',
21 silly get     'cache-control': 'max-age=300',
21 silly get     'content-length': '7833',
21 silly get     'accept-ranges': 'bytes',
21 silly get     date: 'Wed, 15 Feb 2017 23:29:16 GMT',
21 silly get     via: '1.1 varnish',
21 silly get     age: '0',
21 silly get     connection: 'keep-alive',
21 silly get     'x-served-by': 'cache-ams4440-AMS',
21 silly get     'x-cache': 'HIT',
21 silly get     'x-cache-hits': '1',
21 silly get     'x-timer': 'S1487201356.654288,VS0,VE7',
21 silly get     vary: 'Accept-Encoding' } ]
22 verbose get saving bootstrap-material-design to /Users/slangeweg/.npm/registry.npmjs.org/bootstrap-material-design/.cache.json
23 verbose correctMkdir /Users/slangeweg/.npm correctMkdir not in flight; initializing
24 silly fetchPackageMetaData Error: No compatible version found: bootstrap-material-design@4.0.2
24 silly fetchPackageMetaData Valid install targets:
24 silly fetchPackageMetaData 0.5.10, 0.5.9, 0.5.8, 0.5.7, 0.3.0
24 silly fetchPackageMetaData
24 silly fetchPackageMetaData     at pickVersionFromRegistryDocument (/usr/local/lib/node_modules/npm/lib/fetch-package-metadata.js:178:16)
24 silly fetchPackageMetaData     at /usr/local/lib/node_modules/npm/node_modules/iferr/index.js:13:50
24 silly fetchPackageMetaData     at /usr/local/lib/node_modules/npm/lib/utils/pulse-till-done.js:20:8
24 silly fetchPackageMetaData     at saved (/usr/local/lib/node_modules/npm/lib/cache/caching-client.js:174:7)
24 silly fetchPackageMetaData     at /usr/local/lib/node_modules/npm/node_modules/graceful-fs/polyfills.js:241:18
24 silly fetchPackageMetaData     at FSReqWrap.oncomplete (fs.js:123:15)
24 silly fetchPackageMetaData  error for bootstrap-material-design@4.0.2 { Error: No compatible version found: bootstrap-material-design@4.0.2
24 silly fetchPackageMetaData Valid install targets:
24 silly fetchPackageMetaData 0.5.10, 0.5.9, 0.5.8, 0.5.7, 0.3.0
24 silly fetchPackageMetaData
24 silly fetchPackageMetaData     at pickVersionFromRegistryDocument (/usr/local/lib/node_modules/npm/lib/fetch-package-metadata.js:178:16)
24 silly fetchPackageMetaData     at /usr/local/lib/node_modules/npm/node_modules/iferr/index.js:13:50
24 silly fetchPackageMetaData     at /usr/local/lib/node_modules/npm/lib/utils/pulse-till-done.js:20:8
24 silly fetchPackageMetaData     at saved (/usr/local/lib/node_modules/npm/lib/cache/caching-client.js:174:7)
24 silly fetchPackageMetaData     at /usr/local/lib/node_modules/npm/node_modules/graceful-fs/polyfills.js:241:18
24 silly fetchPackageMetaData     at FSReqWrap.oncomplete (fs.js:123:15) code: 'ETARGET' }
25 silly rollbackFailedOptional Starting
26 silly rollbackFailedOptional Finishing
27 silly runTopLevelLifecycles Finishing
28 silly install printInstalled
29 verbose stack Error: No compatible version found: bootstrap-material-design@4.0.2
29 verbose stack Valid install targets:
29 verbose stack 0.5.10, 0.5.9, 0.5.8, 0.5.7, 0.3.0
29 verbose stack
29 verbose stack     at pickVersionFromRegistryDocument (/usr/local/lib/node_modules/npm/lib/fetch-package-metadata.js:178:16)
29 verbose stack     at /usr/local/lib/node_modules/npm/node_modules/iferr/index.js:13:50
29 verbose stack     at /usr/local/lib/node_modules/npm/lib/utils/pulse-till-done.js:20:8
29 verbose stack     at saved (/usr/local/lib/node_modules/npm/lib/cache/caching-client.js:174:7)
29 verbose stack     at /usr/local/lib/node_modules/npm/node_modules/graceful-fs/polyfills.js:241:18
29 verbose stack     at FSReqWrap.oncomplete (fs.js:123:15)
30 verbose cwd /Users/slangeweg/privatespace/sheepmusic
31 error Darwin 15.6.0
32 error argv "/usr/local/bin/node" "/usr/local/bin/npm" "install" "bootstrap-material-design@4.0.2" "--save"
33 error node v6.9.4
34 error npm  v3.10.10
35 error code ETARGET
36 error notarget No compatible version found: bootstrap-material-design@4.0.2
36 error notarget Valid install targets:
36 error notarget 0.5.10, 0.5.9, 0.5.8, 0.5.7, 0.3.0
37 error notarget This is most likely not a problem with npm itself.
37 error notarget In most cases you or one of your dependencies are requesting
37 error notarget a package version that doesn't exist.
38 verbose exit [ 1, true ]
